PocketCoachApp/PocketCoach/app/build/intermediates/manifest_merge_blame_file/debug/manifest-merger-blame-debug-report.txt
1<?xml version="1.0" encoding="utf-8"?>
2<manifest xmlns:android="http://schemas.android.com/apk/res/android"
3    package="com.example.pocketcoach"
4    android:versionCode="1"
5    android:versionName="1.0" >
6
7    <uses-sdk
8        android:minSdkVersion="21"
8-->src/main/AndroidManifest.xml
9        android:targetSdkVersion="29" />
9-->src/main/AndroidManifest.xml
10
11    <uses-permission android:name="android.permission.INTERNET" />
11-->src/main/AndroidManifest.xml:21:5-66
11-->src/main/AndroidManifest.xml:21:22-64
12    <uses-permission android:name="android.permission.ACCESS_NETWORK_STATE" />
12-->[com.google.firebase:firebase-auth:20.0.1] AndroidManifest.xml:24:5-79
12-->[com.google.firebase:firebase-auth:20.0.1] AndroidManifest.xml:24:22-76
13
14    <application
14-->src/main/AndroidManifest.xml:5:5-19:19
15        android:allowBackup="true"
15-->src/main/AndroidManifest.xml:6:9-35
16        android:appComponentFactory="androidx.core.app.CoreComponentFactory"
16-->[androidx.core:core:1.3.1] AndroidManifest.xml:24:18-86
17        android:debuggable="true"
18        android:icon="@mipmap/ic_launcher"
18-->src/main/AndroidManifest.xml:7:9-43
19        android:label="@string/app_name"
19-->src/main/AndroidManifest.xml:8:9-41
20        android:roundIcon="@mipmap/ic_launcher_round"
20-->src/main/AndroidManifest.xml:9:9-54
21        android:supportsRtl="true"
21-->src/main/AndroidManifest.xml:10:9-35
22        android:testOnly="true"
23        android:theme="@style/AppTheme" >
23-->src/main/AndroidManifest.xml:11:9-40
24        <activity android:name="com.example.pocketcoach.MainActivity" >
24-->src/main/AndroidManifest.xml:12:9-18:20
24-->src/main/AndroidManifest.xml:12:19-47
25            <intent-filter>
25-->src/main/AndroidManifest.xml:13:13-17:29
26                <action android:name="android.intent.action.MAIN" />
26-->src/main/AndroidManifest.xml:14:17-69
26-->src/main/AndroidManifest.xml:14:25-66
27
28                <category android:name="android.intent.category.LAUNCHER" />
28-->src/main/AndroidManifest.xml:16:17-77
28-->src/main/AndroidManifest.xml:16:27-74
29            </intent-filter>
30        </activity>
31        <activity
31-->[com.google.firebase:firebase-auth:20.0.1] AndroidManifest.xml:27:9-44:20
32            android:name="com.google.firebase.auth.internal.GenericIdpActivity"
32-->[com.google.firebase:firebase-auth:20.0.1] AndroidManifest.xml:28:13-80
33            android:excludeFromRecents="true"
33-->[com.google.firebase:firebase-auth:20.0.1] AndroidManifest.xml:29:13-46
34            android:exported="true"
34-->[com.google.firebase:firebase-auth:20.0.1] AndroidManifest.xml:30:13-36
35            android:launchMode="singleTask"
35-->[com.google.firebase:firebase-auth:20.0.1] AndroidManifest.xml:31:13-44
36            android:theme="@android:style/Theme.Translucent.NoTitleBar" >
36-->[com.google.firebase:firebase-auth:20.0.1] AndroidManifest.xml:32:13-72
37            <intent-filter>
37-->[com.google.firebase:firebase-auth:20.0.1] AndroidManifest.xml:33:13-43:29
38                <action android:name="android.intent.action.VIEW" />
38-->[com.google.firebase:firebase-auth:20.0.1] AndroidManifest.xml:34:17-69
38-->[com.google.firebase:firebase-auth:20.0.1] AndroidManifest.xml:34:25-66
39
40                <category android:name="android.intent.category.DEFAULT" />
40-->[com.google.firebase:firebase-auth:20.0.1] AndroidManifest.xml:36:17-76
40-->[com.google.firebase:firebase-auth:20.0.1] AndroidManifest.xml:36:27-73
41                <category android:name="android.intent.category.BROWSABLE" />
41-->[com.google.firebase:firebase-auth:20.0.1] AndroidManifest.xml:37:17-78
41-->[com.google.firebase:firebase-auth:20.0.1] AndroidManifest.xml:37:27-75
42
43                <data
43-->[com.google.firebase:firebase-auth:20.0.1] AndroidManifest.xml:39:17-42:51
44                    android:host="firebase.auth"
44-->[com.google.firebase:firebase-auth:20.0.1] AndroidManifest.xml:40:21-49
45                    android:path="/"
45-->[com.google.firebase:firebase-auth:20.0.1] AndroidManifest.xml:41:21-37
46                    android:scheme="genericidp" />
46-->[com.google.firebase:firebase-auth:20.0.1] AndroidManifest.xml:42:21-48
47            </intent-filter>
48        </activity>
49        <activity
49-->[com.google.firebase:firebase-auth:20.0.1] AndroidManifest.xml:45:9-62:20
50            android:name="com.google.firebase.auth.internal.RecaptchaActivity"
50-->[com.google.firebase:firebase-auth:20.0.1] AndroidManifest.xml:46:13-79
51            android:excludeFromRecents="true"
51-->[com.google.firebase:firebase-auth:20.0.1] AndroidManifest.xml:47:13-46
52            android:exported="true"
52-->[com.google.firebase:firebase-auth:20.0.1] AndroidManifest.xml:48:13-36
53            android:launchMode="singleTask"
53-->[com.google.firebase:firebase-auth:20.0.1] AndroidManifest.xml:49:13-44
54            android:theme="@android:style/Theme.Translucent.NoTitleBar" >
54-->[com.google.firebase:firebase-auth:20.0.1] AndroidManifest.xml:50:13-72
55            <intent-filter>
55-->[com.google.firebase:firebase-auth:20.0.1] AndroidManifest.xml:51:13-61:29
56                <action android:name="android.intent.action.VIEW" />
56-->[com.google.firebase:firebase-auth:20.0.1] AndroidManifest.xml:34:17-69
56-->[com.google.firebase:firebase-auth:20.0.1] AndroidManifest.xml:34:25-66
57
58                <category android:name="android.intent.category.DEFAULT" />
58-->[com.google.firebase:firebase-auth:20.0.1] AndroidManifest.xml:36:17-76
58-->[com.google.firebase:firebase-auth:20.0.1] AndroidManifest.xml:36:27-73
59                <category android:name="android.intent.category.BROWSABLE" />
59-->[com.google.firebase:firebase-auth:20.0.1] AndroidManifest.xml:37:17-78
59-->[com.google.firebase:firebase-auth:20.0.1] AndroidManifest.xml:37:27-75
60
61                <data
61-->[com.google.firebase:firebase-auth:20.0.1] AndroidManifest.xml:39:17-42:51
62                    android:host="firebase.auth"
62-->[com.google.firebase:firebase-auth:20.0.1] AndroidManifest.xml:40:21-49
63                    android:path="/"
63-->[com.google.firebase:firebase-auth:20.0.1] AndroidManifest.xml:41:21-37
64                    android:scheme="recaptcha" />
64-->[com.google.firebase:firebase-auth:20.0.1] AndroidManifest.xml:42:21-48
65            </intent-filter>
66        </activity>
67
68        <service
68-->[com.google.firebase:firebase-auth:20.0.1] AndroidManifest.xml:64:9-73:19
69            android:name="com.google.firebase.auth.api.fallback.service.FirebaseAuthFallbackService"
69-->[com.google.firebase:firebase-auth:20.0.1] AndroidManifest.xml:65:13-101
70            android:enabled="true"
70-->[com.google.firebase:firebase-auth:20.0.1] AndroidManifest.xml:66:13-35
71            android:exported="false" >
71-->[com.google.firebase:firebase-auth:20.0.1] AndroidManifest.xml:67:13-37
72            <intent-filter>
72-->[com.google.firebase:firebase-auth:20.0.1] AndroidManifest.xml:68:13-72:29
73                <action android:name="com.google.firebase.auth.api.gms.service.START" />
73-->[com.google.firebase:firebase-auth:20.0.1] AndroidManifest.xml:69:17-89
73-->[com.google.firebase:firebase-auth:20.0.1] AndroidManifest.xml:69:25-86
74
75                <category android:name="android.intent.category.DEFAULT" />
75-->[com.google.firebase:firebase-auth:20.0.1] AndroidManifest.xml:36:17-76
75-->[com.google.firebase:firebase-auth:20.0.1] AndroidManifest.xml:36:27-73
76            </intent-filter>
77        </service>
78        <service
78-->[com.google.firebase:firebase-auth:20.0.1] AndroidManifest.xml:74:9-80:19
79            android:name="com.google.firebase.components.ComponentDiscoveryService"
79-->[com.google.firebase:firebase-auth:20.0.1] AndroidManifest.xml:75:13-84
80            android:directBootAware="true"
80-->[com.google.firebase:firebase-common:19.4.0] AndroidManifest.xml:35:13-43
81            android:exported="false" >
81-->[com.google.firebase:firebase-auth:20.0.1] AndroidManifest.xml:76:13-37
82            <meta-data
82-->[com.google.firebase:firebase-auth:20.0.1] AndroidManifest.xml:77:13-79:85
83                android:name="com.google.firebase.components:com.google.firebase.auth.FirebaseAuthRegistrar"
83-->[com.google.firebase:firebase-auth:20.0.1] AndroidManifest.xml:78:17-109
84                android:value="com.google.firebase.components.ComponentRegistrar" />
84-->[com.google.firebase:firebase-auth:20.0.1] AndroidManifest.xml:79:17-82
85        </service>
86
87        <activity
87-->[com.google.android.gms:play-services-base:17.1.0] AndroidManifest.xml:23:9-26:75
88            android:name="com.google.android.gms.common.api.GoogleApiActivity"
88-->[com.google.android.gms:play-services-base:17.1.0] AndroidManifest.xml:24:13-79
89            android:exported="false"
89-->[com.google.android.gms:play-services-base:17.1.0] AndroidManifest.xml:25:13-37
90            android:theme="@android:style/Theme.Translucent.NoTitleBar" />
90-->[com.google.android.gms:play-services-base:17.1.0] AndroidManifest.xml:26:13-72
91
92        <provider
92-->[com.google.firebase:firebase-common:19.4.0] AndroidManifest.xml:26:9-31:39
93            android:name="com.google.firebase.provider.FirebaseInitProvider"
93-->[com.google.firebase:firebase-common:19.4.0] AndroidManifest.xml:27:13-77
94            android:authorities="com.example.pocketcoach.firebaseinitprovider"
94-->[com.google.firebase:firebase-common:19.4.0] AndroidManifest.xml:28:13-72
95            android:directBootAware="true"
95-->[com.google.firebase:firebase-common:19.4.0] AndroidManifest.xml:29:13-43
96            android:exported="false"
96-->[com.google.firebase:firebase-common:19.4.0] AndroidManifest.xml:30:13-37
97            android:initOrder="100" />
97-->[com.google.firebase:firebase-common:19.4.0] AndroidManifest.xml:31:13-36
98
99        <meta-data
99-->[com.google.android.gms:play-services-basement:17.1.0] AndroidManifest.xml:23:9-25:69
100            android:name="com.google.android.gms.version"
100-->[com.google.android.gms:play-services-basement:17.1.0] AndroidManifest.xml:24:13-58
101            android:value="@integer/google_play_services_version" />
101-->[com.google.android.gms:play-services-basement:17.1.0] AndroidManifest.xml:25:13-66
102    </application>
103
104</manifest>